d:\old ファイル\school\school\3年\gm31\maptool\directx_frame\debug\vc140.pdb
d:\old ファイル\school\school\3年\gm31\maptool\directx_frame\debug\vc140.idb
d:\old ファイル\school\school\3年\gm31\maptool\directx_frame\debug\scene2d.obj
d:\old ファイル\school\school\3年\gm31\maptool\directx_frame\debug\scene3d.obj
d:\old ファイル\school\school\3年\gm31\maptool\directx_frame\debug\scenemodel.obj
d:\old ファイル\school\school\3年\gm31\maptool\directx_frame\debug\scenemodelfbx.obj
d:\old ファイル\school\school\3年\gm31\maptool\directx_frame\debug\sceneshadow.obj
d:\old ファイル\school\school\3年\gm31\maptool\directx_frame\debug\sceneskinmesh.obj
d:\old ファイル\school\school\3年\gm31\maptool\directx_frame\debug\sh.obj
d:\old ファイル\school\school\3年\gm31\maptool\directx_frame\debug\shader.obj
d:\old ファイル\school\school\3年\gm31\maptool\directx_frame\debug\shotgun.obj
d:\old ファイル\school\school\3年\gm31\maptool\directx_frame\debug\skinmeshdata.obj
d:\old ファイル\school\school\3年\gm31\maptool\directx_frame\debug\skinmeshfile.obj
d:\old ファイル\school\school\3年\gm31\maptool\directx_frame\debug\skybox.obj
d:\old ファイル\school\school\3年\gm31\maptool\directx_frame\debug\sound.obj
d:\old ファイル\school\school\3年\gm31\maptool\directx_frame\debug\targetpoint.obj
d:\old ファイル\school\school\3年\gm31\maptool\directx_frame\debug\texture.obj
d:\old ファイル\school\school\3年\gm31\maptool\directx_frame\debug\title.obj
d:\old ファイル\school\school\3年\gm31\maptool\directx_frame\debug\wait.obj
d:\old ファイル\school\school\3年\gm31\maptool\directx_frame\debug\waittime.obj
d:\old ファイル\school\school\3年\gm31\maptool\directx_frame\debug\wall.obj
d:\old ファイル\school\school\3年\gm31\maptool\directx_frame\debug\weapon.obj
d:\old ファイル\school\school\3年\gm31\maptool\directx_frame\debug\input.obj
d:\old ファイル\school\school\3年\gm31\maptool\directx_frame\debug\light.obj
d:\old ファイル\school\school\3年\gm31\maptool\directx_frame\debug\main.obj
d:\old ファイル\school\school\3年\gm31\maptool\directx_frame\debug\manager.obj
d:\old ファイル\school\school\3年\gm31\maptool\directx_frame\debug\mapmake.obj
d:\old ファイル\school\school\3年\gm31\maptool\directx_frame\debug\movetoplayer.obj
d:\old ファイル\school\school\3年\gm31\maptool\directx_frame\debug\movetopos.obj
d:\old ファイル\school\school\3年\gm31\maptool\directx_frame\debug\movetorandom.obj
d:\old ファイル\school\school\3年\gm31\maptool\directx_frame\debug\number.obj
d:\old ファイル\school\school\3年\gm31\maptool\directx_frame\debug\particle.obj
d:\old ファイル\school\school\3年\gm31\maptool\directx_frame\debug\player.obj
d:\old ファイル\school\school\3年\gm31\maptool\directx_frame\debug\playerpatternair.obj
d:\old ファイル\school\school\3年\gm31\maptool\directx_frame\debug\playerpatternidle.obj
d:\old ファイル\school\school\3年\gm31\maptool\directx_frame\debug\playerpatterncrouch.obj
d:\old ファイル\school\school\3年\gm31\maptool\directx_frame\debug\playerpatternjump.obj
d:\old ファイル\school\school\3年\gm31\maptool\directx_frame\debug\renderer.obj
d:\old ファイル\school\school\3年\gm31\maptool\directx_frame\debug\result.obj
d:\old ファイル\school\school\3年\gm31\maptool\directx_frame\debug\rifle.obj
d:\old ファイル\school\school\3年\gm31\maptool\directx_frame\debug\root.obj
d:\old ファイル\school\school\3年\gm31\maptool\directx_frame\debug\scene.obj
d:\old ファイル\school\school\3年\gm31\maptool\directx_frame\debug\camera.obj
d:\old ファイル\school\school\3年\gm31\maptool\directx_frame\debug\character.obj
d:\old ファイル\school\school\3年\gm31\maptool\directx_frame\debug\class.obj
d:\old ファイル\school\school\3年\gm31\maptool\directx_frame\debug\collision.obj
d:\old ファイル\school\school\3年\gm31\maptool\directx_frame\debug\controller.obj
d:\old ファイル\school\school\3年\gm31\maptool\directx_frame\debug\debug.obj
d:\old ファイル\school\school\3年\gm31\maptool\directx_frame\debug\effekseer.obj
d:\old ファイル\school\school\3年\gm31\maptool\directx_frame\debug\emitter.obj
d:\old ファイル\school\school\3年\gm31\maptool\directx_frame\debug\enemy.obj
d:\old ファイル\school\school\3年\gm31\maptool\directx_frame\debug\enemypatternattack.obj
d:\old ファイル\school\school\3年\gm31\maptool\directx_frame\debug\enemypatternchase.obj
d:\old ファイル\school\school\3年\gm31\maptool\directx_frame\debug\enemypatterndeath.obj
d:\old ファイル\school\school\3年\gm31\maptool\directx_frame\debug\fade.obj
d:\old ファイル\school\school\3年\gm31\maptool\directx_frame\debug\field.obj
d:\old ファイル\school\school\3年\gm31\maptool\directx_frame\debug\game.obj
d:\old ファイル\school\school\3年\gm31\maptool\directx_frame\debug\imgui.obj
d:\old ファイル\school\school\3年\gm31\maptool\directx_frame\debug\imgui_.obj
d:\old ファイル\school\school\3年\gm31\maptool\directx_frame\debug\imgui_demo.obj
d:\old ファイル\school\school\3年\gm31\maptool\directx_frame\debug\imgui_draw.obj
d:\old ファイル\school\school\3年\gm31\maptool\directx_frame\debug\imgui_impl_dx9.obj
d:\old ファイル\school\school\3年\gm31\maptool\directx_frame\debug\action.obj
d:\old ファイル\school\school\3年\gm31\maptool\directx_frame\debug\actionbase.obj
d:\old ファイル\school\school\3年\gm31\maptool\directx_frame\debug\astar.obj
d:\old ファイル\school\school\3年\gm31\maptool\directx_frame\debug\billboard.obj
d:\old ファイル\school\school\3年\gm31\maptool\directx_frame\debug\box.obj
d:\old ファイル\school\school\3年\gm31\maptool\directx_frame\debug\bullet.obj
d:\old ファイル\school\school\3年\gm31\maptool\directx_frame\debug\mathutil.obj
d:\old ファイル\school\school\3年\gm31\fps_game\trunk\directx_frame\debug\vc140.pdb
d:\old ファイル\school\school\3年\gm31\fps_game\trunk\directx_frame\debug\vc140.idb
d:\old ファイル\school\school\3年\gm31\fps_game\trunk\directx_frame\debug\scene2d.obj
d:\old ファイル\school\school\3年\gm31\fps_game\trunk\directx_frame\debug\scene3d.obj
d:\old ファイル\school\school\3年\gm31\fps_game\trunk\directx_frame\debug\scenemodel.obj
d:\old ファイル\school\school\3年\gm31\fps_game\trunk\directx_frame\debug\scenemodelfbx.obj
d:\old ファイル\school\school\3年\gm31\fps_game\trunk\directx_frame\debug\sceneshadow.obj
d:\old ファイル\school\school\3年\gm31\fps_game\trunk\directx_frame\debug\sceneskinmesh.obj
d:\old ファイル\school\school\3年\gm31\fps_game\trunk\directx_frame\debug\sh.obj
d:\old ファイル\school\school\3年\gm31\fps_game\trunk\directx_frame\debug\shader.obj
d:\old ファイル\school\school\3年\gm31\fps_game\trunk\directx_frame\debug\shotgun.obj
d:\old ファイル\school\school\3年\gm31\fps_game\trunk\directx_frame\debug\skinmeshdata.obj
d:\old ファイル\school\school\3年\gm31\fps_game\trunk\directx_frame\debug\skinmeshfile.obj
d:\old ファイル\school\school\3年\gm31\fps_game\trunk\directx_frame\debug\skybox.obj
d:\old ファイル\school\school\3年\gm31\fps_game\trunk\directx_frame\debug\sound.obj
d:\old ファイル\school\school\3年\gm31\fps_game\trunk\directx_frame\debug\targetpoint.obj
d:\old ファイル\school\school\3年\gm31\fps_game\trunk\directx_frame\debug\texture.obj
d:\old ファイル\school\school\3年\gm31\fps_game\trunk\directx_frame\debug\title.obj
d:\old ファイル\school\school\3年\gm31\fps_game\trunk\directx_frame\debug\wait.obj
d:\old ファイル\school\school\3年\gm31\fps_game\trunk\directx_frame\debug\waittime.obj
d:\old ファイル\school\school\3年\gm31\fps_game\trunk\directx_frame\debug\wall.obj
d:\old ファイル\school\school\3年\gm31\fps_game\trunk\directx_frame\debug\weapon.obj
d:\old ファイル\school\school\3年\gm31\fps_game\trunk\directx_frame\debug\light.obj
d:\old ファイル\school\school\3年\gm31\fps_game\trunk\directx_frame\debug\main.obj
d:\old ファイル\school\school\3年\gm31\fps_game\trunk\directx_frame\debug\manager.obj
d:\old ファイル\school\school\3年\gm31\fps_game\trunk\directx_frame\debug\mapmake.obj
d:\old ファイル\school\school\3年\gm31\fps_game\trunk\directx_frame\debug\mathutil.obj
d:\old ファイル\school\school\3年\gm31\fps_game\trunk\directx_frame\debug\movetoplayer.obj
d:\old ファイル\school\school\3年\gm31\fps_game\trunk\directx_frame\debug\movetopos.obj
d:\old ファイル\school\school\3年\gm31\fps_game\trunk\directx_frame\debug\movetorandom.obj
d:\old ファイル\school\school\3年\gm31\fps_game\trunk\directx_frame\debug\number.obj
d:\old ファイル\school\school\3年\gm31\fps_game\trunk\directx_frame\debug\particle.obj
d:\old ファイル\school\school\3年\gm31\fps_game\trunk\directx_frame\debug\player.obj
d:\old ファイル\school\school\3年\gm31\fps_game\trunk\directx_frame\debug\playerpatternair.obj
d:\old ファイル\school\school\3年\gm31\fps_game\trunk\directx_frame\debug\playerpatternidle.obj
d:\old ファイル\school\school\3年\gm31\fps_game\trunk\directx_frame\debug\playerpatterncrouch.obj
d:\old ファイル\school\school\3年\gm31\fps_game\trunk\directx_frame\debug\playerpatternjump.obj
d:\old ファイル\school\school\3年\gm31\fps_game\trunk\directx_frame\debug\renderer.obj
d:\old ファイル\school\school\3年\gm31\fps_game\trunk\directx_frame\debug\result.obj
d:\old ファイル\school\school\3年\gm31\fps_game\trunk\directx_frame\debug\rifle.obj
d:\old ファイル\school\school\3年\gm31\fps_game\trunk\directx_frame\debug\root.obj
d:\old ファイル\school\school\3年\gm31\fps_game\trunk\directx_frame\debug\scene.obj
d:\old ファイル\school\school\3年\gm31\fps_game\trunk\directx_frame\debug\character.obj
d:\old ファイル\school\school\3年\gm31\fps_game\trunk\directx_frame\debug\class.obj
d:\old ファイル\school\school\3年\gm31\fps_game\trunk\directx_frame\debug\collision.obj
d:\old ファイル\school\school\3年\gm31\fps_game\trunk\directx_frame\debug\controller.obj
d:\old ファイル\school\school\3年\gm31\fps_game\trunk\directx_frame\debug\debug.obj
d:\old ファイル\school\school\3年\gm31\fps_game\trunk\directx_frame\debug\effekseer.obj
d:\old ファイル\school\school\3年\gm31\fps_game\trunk\directx_frame\debug\emitter.obj
d:\old ファイル\school\school\3年\gm31\fps_game\trunk\directx_frame\debug\enemy.obj
d:\old ファイル\school\school\3年\gm31\fps_game\trunk\directx_frame\debug\enemypatternattack.obj
d:\old ファイル\school\school\3年\gm31\fps_game\trunk\directx_frame\debug\enemypatternchase.obj
d:\old ファイル\school\school\3年\gm31\fps_game\trunk\directx_frame\debug\enemypatterndeath.obj
d:\old ファイル\school\school\3年\gm31\fps_game\trunk\directx_frame\debug\fade.obj
d:\old ファイル\school\school\3年\gm31\fps_game\trunk\directx_frame\debug\field.obj
d:\old ファイル\school\school\3年\gm31\fps_game\trunk\directx_frame\debug\game.obj
d:\old ファイル\school\school\3年\gm31\fps_game\trunk\directx_frame\debug\imgui.obj
d:\old ファイル\school\school\3年\gm31\fps_game\trunk\directx_frame\debug\imgui_.obj
d:\old ファイル\school\school\3年\gm31\fps_game\trunk\directx_frame\debug\imgui_demo.obj
d:\old ファイル\school\school\3年\gm31\fps_game\trunk\directx_frame\debug\imgui_draw.obj
d:\old ファイル\school\school\3年\gm31\fps_game\trunk\directx_frame\debug\imgui_impl_dx9.obj
d:\old ファイル\school\school\3年\gm31\fps_game\trunk\directx_frame\debug\input.obj
d:\old ファイル\school\school\3年\gm31\fps_game\trunk\directx_frame\debug\action.obj
d:\old ファイル\school\school\3年\gm31\fps_game\trunk\directx_frame\debug\actionbase.obj
d:\old ファイル\school\school\3年\gm31\fps_game\trunk\directx_frame\debug\astar.obj
d:\old ファイル\school\school\3年\gm31\fps_game\trunk\directx_frame\debug\billboard.obj
d:\old ファイル\school\school\3年\gm31\fps_game\trunk\directx_frame\debug\box.obj
d:\old ファイル\school\school\3年\gm31\fps_game\trunk\directx_frame\debug\bullet.obj
d:\old ファイル\school\school\3年\gm31\fps_game\trunk\directx_frame\debug\camera.obj
d:\old ファイル\school\school\3年\gm31\maptool\directx_frame\debug\basic.cso
d:\old ファイル\school\school\3年\gm31\maptool\directx_frame\debug\phong.cso
d:\old ファイル\school\school\3年\gm31\maptool\directx_frame\debug\shader.cso
d:\old ファイル\school\school\3年\gm31\fps_game\trunk\directx_frame\debug\basic.cso
d:\old ファイル\school\school\3年\gm31\fps_game\trunk\directx_frame\debug\phong.cso
d:\old ファイル\school\school\3年\gm31\fps_game\trunk\directx_frame\debug\shader.cso
d:\old ファイル\school\school\3年\gm31\maptool\directx_frame\debug\framework.ilk
d:\old ファイル\school\school\3年\gm31\maptool\directx_frame\debug\framework.exe
d:\old ファイル\school\school\3年\gm31\maptool\directx_frame\debug\framework.pdb
d:\old ファイル\school\school\3年\gm31\fps_game\trunk\directx_frame\debug\framework.pdb
d:\old ファイル\school\school\3年\gm31\fps_game\trunk\directx_frame\debug\framework.tlog\cl.command.1.tlog
d:\old ファイル\school\school\3年\gm31\fps_game\trunk\directx_frame\debug\framework.tlog\cl.read.1.tlog
d:\old ファイル\school\school\3年\gm31\fps_game\trunk\directx_frame\debug\framework.tlog\cl.write.1.tlog
d:\old ファイル\school\school\3年\gm31\fps_game\trunk\directx_frame\debug\framework.tlog\framework.write.1u.tlog
d:\old ファイル\school\school\3年\gm31\fps_game\trunk\directx_frame\debug\framework.tlog\fxc.command.1.tlog
d:\old ファイル\school\school\3年\gm31\fps_game\trunk\directx_frame\debug\framework.tlog\fxc.read.1.tlog
d:\old ファイル\school\school\3年\gm31\fps_game\trunk\directx_frame\debug\framework.tlog\fxc.write.1.tlog
d:\old ファイル\school\school\3年\gm31\fps_game\trunk\directx_frame\debug\framework.tlog\link.command.1.tlog
d:\old ファイル\school\school\3年\gm31\fps_game\trunk\directx_frame\debug\framework.tlog\link.read.1.tlog
d:\old ファイル\school\school\3年\gm31\fps_game\trunk\directx_frame\debug\framework.tlog\link.write.1.tlog
