  action.cpp
d:\old ファイル\school\school\3年\gm31\fps_game\trunk\directx_frame\billboard.h(18): warning C4091: 'typedef ': 変数が何も宣言されていないときは、'DRAW_TYPE' の左辺を無視します。
  actionBase.cpp
d:\old ファイル\school\school\3年\gm31\fps_game\trunk\directx_frame\billboard.h(18): warning C4091: 'typedef ': 変数が何も宣言されていないときは、'DRAW_TYPE' の左辺を無視します。
  billboard.cpp
d:\old ファイル\school\school\3年\gm31\fps_game\trunk\directx_frame\billboard.h(18): warning C4091: 'typedef ': 変数が何も宣言されていないときは、'DRAW_TYPE' の左辺を無視します。
  box.cpp
  bullet.cpp
d:\old ファイル\school\school\3年\gm31\fps_game\trunk\directx_frame\billboard.h(18): warning C4091: 'typedef ': 変数が何も宣言されていないときは、'DRAW_TYPE' の左辺を無視します。
  camera.cpp
  character.cpp
d:\old ファイル\school\school\3年\gm31\fps_game\trunk\directx_frame\billboard.h(18): warning C4091: 'typedef ': 変数が何も宣言されていないときは、'DRAW_TYPE' の左辺を無視します。
  class.cpp
  collision.cpp
  controller.cpp
  debug.cpp
  Effekseer.cpp
  emitter.cpp
d:\old ファイル\school\school\3年\gm31\fps_game\trunk\directx_frame\billboard.h(18): warning C4091: 'typedef ': 変数が何も宣言されていないときは、'DRAW_TYPE' の左辺を無視します。
  enemy.cpp
d:\old ファイル\school\school\3年\gm31\fps_game\trunk\directx_frame\billboard.h(18): warning C4091: 'typedef ': 変数が何も宣言されていないときは、'DRAW_TYPE' の左辺を無視します。
  fade.cpp
d:\old ファイル\school\school\3年\gm31\fps_game\trunk\directx_frame\billboard.h(18): warning C4091: 'typedef ': 変数が何も宣言されていないときは、'DRAW_TYPE' の左辺を無視します。
  field.cpp
d:\old ファイル\school\school\3年\gm31\fps_game\trunk\directx_frame\billboard.h(18): warning C4091: 'typedef ': 変数が何も宣言されていないときは、'DRAW_TYPE' の左辺を無視します。
  game.cpp
d:\old ファイル\school\school\3年\gm31\fps_game\trunk\directx_frame\billboard.h(18): warning C4091: 'typedef ': 変数が何も宣言されていないときは、'DRAW_TYPE' の左辺を無視します。
d:\old ファイル\school\school\3年\gm31\fps_game\trunk\directx_frame\game.cpp(81): warning C4101: 'hr': ローカル変数は 1 度も使われていません。
  input.cpp
  light.cpp
  main.cpp
  コードを生成中...
  コンパイル中...
  manager.cpp
d:\old ファイル\school\school\3年\gm31\fps_game\trunk\directx_frame\billboard.h(18): warning C4091: 'typedef ': 変数が何も宣言されていないときは、'DRAW_TYPE' の左辺を無視します。
  moveToPlayer.cpp
d:\old ファイル\school\school\3年\gm31\fps_game\trunk\directx_frame\billboard.h(18): warning C4091: 'typedef ': 変数が何も宣言されていないときは、'DRAW_TYPE' の左辺を無視します。
  moveToPos.cpp
d:\old ファイル\school\school\3年\gm31\fps_game\trunk\directx_frame\billboard.h(18): warning C4091: 'typedef ': 変数が何も宣言されていないときは、'DRAW_TYPE' の左辺を無視します。
  moveToRandom.cpp
d:\old ファイル\school\school\3年\gm31\fps_game\trunk\directx_frame\billboard.h(18): warning C4091: 'typedef ': 変数が何も宣言されていないときは、'DRAW_TYPE' の左辺を無視します。
  number.cpp
  particle.cpp
d:\old ファイル\school\school\3年\gm31\fps_game\trunk\directx_frame\billboard.h(18): warning C4091: 'typedef ': 変数が何も宣言されていないときは、'DRAW_TYPE' の左辺を無視します。
  player.cpp
d:\old ファイル\school\school\3年\gm31\fps_game\trunk\directx_frame\billboard.h(18): warning C4091: 'typedef ': 変数が何も宣言されていないときは、'DRAW_TYPE' の左辺を無視します。
  renderer.cpp
  result.cpp
d:\old ファイル\school\school\3年\gm31\fps_game\trunk\directx_frame\billboard.h(18): warning C4091: 'typedef ': 変数が何も宣言されていないときは、'DRAW_TYPE' の左辺を無視します。
  rifle.cpp
  root.cpp
  scene.cpp
  scene2D.cpp
  scene3D.cpp
  sceneModel.cpp
d:\old ファイル\school\school\3年\gm31\fps_game\trunk\directx_frame\scenemodel.cpp(79): warning C4018: '<': signed と unsigned の数値を比較しようとしました。
d:\old ファイル\school\school\3年\gm31\fps_game\trunk\directx_frame\scenemodel.cpp(84): warning C4018: '<': signed と unsigned の数値を比較しようとしました。
d:\old ファイル\school\school\3年\gm31\fps_game\trunk\directx_frame\scenemodel.cpp(110): warning C4018: '<': signed と unsigned の数値を比較しようとしました。
d:\old ファイル\school\school\3年\gm31\fps_game\trunk\directx_frame\scenemodel.cpp(172): warning C4018: '<': signed と unsigned の数値を比較しようとしました。
  sceneModelFBX.cpp
  sceneShadow.cpp
  sceneSkinMesh.cpp
  shader.cpp
  SkinMeshData.cpp
d:\old ファイル\school\school\3年\gm31\fps_game\trunk\directx_frame\skinmeshdata.cpp(9): warning C4316: 'FrameData': ヒープで割り当てられたオブジェクトが 16 にアラインメントされていない可能性があります
d:\old ファイル\school\school\3年\gm31\fps_game\trunk\directx_frame\skinmeshdata.cpp(78): warning C4018: '<': signed と unsigned の数値を比較しようとしました。
d:\old ファイル\school\school\3年\gm31\fps_game\trunk\directx_frame\skinmeshdata.cpp(204): warning C4018: '<': signed と unsigned の数値を比較しようとしました。
  コードを生成中...
  コンパイル中...
  SkinMeshFile.cpp
d:\old ファイル\school\school\3年\gm31\fps_game\trunk\directx_frame\skinmeshfile.cpp(54): warning C4018: '<': signed と unsigned の数値を比較しようとしました。
d:\old ファイル\school\school\3年\gm31\fps_game\trunk\directx_frame\skinmeshfile.cpp(218): warning C4018: '<': signed と unsigned の数値を比較しようとしました。
d:\old ファイル\school\school\3年\gm31\fps_game\trunk\directx_frame\skinmeshfile.cpp(337): warning C4244: '初期化中': 'DOUBLE' から 'FLOAT' への変換です。データが失われる可能性があります。
  skybox.cpp
  sound.cpp
  targetPoint.cpp
  texture.cpp
  title.cpp
d:\old ファイル\school\school\3年\gm31\fps_game\trunk\directx_frame\billboard.h(18): warning C4091: 'typedef ': 変数が何も宣言されていないときは、'DRAW_TYPE' の左辺を無視します。
  wait.cpp
d:\old ファイル\school\school\3年\gm31\fps_game\trunk\directx_frame\billboard.h(18): warning C4091: 'typedef ': 変数が何も宣言されていないときは、'DRAW_TYPE' の左辺を無視します。
  waitTime.cpp
d:\old ファイル\school\school\3年\gm31\fps_game\trunk\directx_frame\billboard.h(18): warning C4091: 'typedef ': 変数が何も宣言されていないときは、'DRAW_TYPE' の左辺を無視します。
  wall.cpp
  weapon.cpp
  コードを生成中...
  FrameWork.vcxproj -> D:\Old ファイル\school\school\3年\GM31\FPS_Game\trunk\DirectX_Frame\Debug\FrameWork.exe
  FrameWork.vcxproj -> D:\Old ファイル\school\school\3年\GM31\FPS_Game\trunk\DirectX_Frame\Debug\FrameWork.pdb (Full PDB)
