  SkinMeshFile.cpp
SkinMeshFile.cpp(54): warning C4018: '<': signed と unsigned の数値を比較しようとしました。
SkinMeshFile.cpp(218): warning C4018: '<': signed と unsigned の数値を比較しようとしました。
SkinMeshFile.cpp(337): warning C4244: '初期化中': 'DOUBLE' から 'FLOAT' への変換です。データが失われる可能性があります。
  action.cpp
d:\old ファイル\school\school\3年\gm31\frameworkrepo\trunk\directx_frame\billboard.h(18): warning C4091: 'typedef ': 変数が何も宣言されていないときは、'DRAW_TYPE' の左辺を無視します。
  actionBase.cpp
d:\old ファイル\school\school\3年\gm31\frameworkrepo\trunk\directx_frame\billboard.h(18): warning C4091: 'typedef ': 変数が何も宣言されていないときは、'DRAW_TYPE' の左辺を無視します。
  character.cpp
d:\old ファイル\school\school\3年\gm31\frameworkrepo\trunk\directx_frame\billboard.h(18): warning C4091: 'typedef ': 変数が何も宣言されていないときは、'DRAW_TYPE' の左辺を無視します。
  enemy.cpp
d:\old ファイル\school\school\3年\gm31\frameworkrepo\trunk\directx_frame\billboard.h(18): warning C4091: 'typedef ': 変数が何も宣言されていないときは、'DRAW_TYPE' の左辺を無視します。
  fade.cpp
d:\old ファイル\school\school\3年\gm31\frameworkrepo\trunk\directx_frame\billboard.h(18): warning C4091: 'typedef ': 変数が何も宣言されていないときは、'DRAW_TYPE' の左辺を無視します。
  game.cpp
d:\old ファイル\school\school\3年\gm31\frameworkrepo\trunk\directx_frame\billboard.h(18): warning C4091: 'typedef ': 変数が何も宣言されていないときは、'DRAW_TYPE' の左辺を無視します。
  manager.cpp
d:\old ファイル\school\school\3年\gm31\frameworkrepo\trunk\directx_frame\billboard.h(18): warning C4091: 'typedef ': 変数が何も宣言されていないときは、'DRAW_TYPE' の左辺を無視します。
  moveToPlayer.cpp
d:\old ファイル\school\school\3年\gm31\frameworkrepo\trunk\directx_frame\billboard.h(18): warning C4091: 'typedef ': 変数が何も宣言されていないときは、'DRAW_TYPE' の左辺を無視します。
  moveToPos.cpp
d:\old ファイル\school\school\3年\gm31\frameworkrepo\trunk\directx_frame\billboard.h(18): warning C4091: 'typedef ': 変数が何も宣言されていないときは、'DRAW_TYPE' の左辺を無視します。
  moveToRandom.cpp
d:\old ファイル\school\school\3年\gm31\frameworkrepo\trunk\directx_frame\billboard.h(18): warning C4091: 'typedef ': 変数が何も宣言されていないときは、'DRAW_TYPE' の左辺を無視します。
  player.cpp
d:\old ファイル\school\school\3年\gm31\frameworkrepo\trunk\directx_frame\billboard.h(18): warning C4091: 'typedef ': 変数が何も宣言されていないときは、'DRAW_TYPE' の左辺を無視します。
  result.cpp
d:\old ファイル\school\school\3年\gm31\frameworkrepo\trunk\directx_frame\billboard.h(18): warning C4091: 'typedef ': 変数が何も宣言されていないときは、'DRAW_TYPE' の左辺を無視します。
  sceneShadow.cpp
  sceneSkinMesh.cpp
  shader.cpp
  skybox.cpp
  title.cpp
d:\old ファイル\school\school\3年\gm31\frameworkrepo\trunk\directx_frame\billboard.h(18): warning C4091: 'typedef ': 変数が何も宣言されていないときは、'DRAW_TYPE' の左辺を無視します。
  wait.cpp
d:\old ファイル\school\school\3年\gm31\frameworkrepo\trunk\directx_frame\billboard.h(18): warning C4091: 'typedef ': 変数が何も宣言されていないときは、'DRAW_TYPE' の左辺を無視します。
  waitTime.cpp
d:\old ファイル\school\school\3年\gm31\frameworkrepo\trunk\directx_frame\billboard.h(18): warning C4091: 'typedef ': 変数が何も宣言されていないときは、'DRAW_TYPE' の左辺を無視します。
  コード生成しています。
  582 of 5880 functions ( 9.9%) were compiled, the rest were copied from previous compilation.
    170 functions were new in current compilation
    80 functions had inline decision re-evaluated but remain unchanged
  コード生成が終了しました。
  FrameWork.vcxproj -> D:\Old ファイル\school\school\3年\GM31\FrameWorkRepo\trunk\DirectX_Frame\Release\FrameWork.exe
  FrameWork.vcxproj -> D:\Old ファイル\school\school\3年\GM31\FrameWorkRepo\trunk\DirectX_Frame\Release\FrameWork.pdb (Full PDB)
